2025-11-20 13:29:42|2250758401797|YAKO AFRICA| Cher client(e), votre sinistre n° SIN-WZN62 a été rejetée.
 Consultez les détails du rejet sur votre espace personnel : urlr.me/9ZXGSr| result = "{\"messages\":[{\"messageId\":\"4636453889747952367453\",\"status\":{\"description\":\"Message sent to next instance\",\"groupId\":1,\"groupName\":\"PENDING\",\"id\":26,\"name\":\"PENDING_ACCEPTED\"},\"to\":\"2250758401797\"}]}": 
2025-11-20 13:34:18|2250758401797|YAKO AFRICA| Cher client(e), votre sinistre n° SIN-WZN62 a été rejetée.
 Consultez les détails du rejet sur votre espace personnel : urlr.me/9ZXGSr| result = "{\"messages\":[{\"messageId\":\"4636456649187951404885\",\"status\":{\"description\":\"Message sent to next instance\",\"groupId\":1,\"groupName\":\"PENDING\",\"id\":26,\"name\":\"PENDING_ACCEPTED\"},\"to\":\"2250758401797\"}]}": 
2025-11-20 13:35:26|2250758401797|YAKO AFRICA| Cher client(e), votre sinistre n° SIN-WZN62 a été rejetée.
 Consultez les détails du rejet sur votre espace personnel : urlr.me/9ZXGSr| result = "{\"messages\":[{\"messageId\":\"4636457331527950981524\",\"status\":{\"description\":\"Message sent to next instance\",\"groupId\":1,\"groupName\":\"PENDING\",\"id\":26,\"name\":\"PENDING_ACCEPTED\"},\"to\":\"2250758401797\"}]}": 
2025-11-20 15:30:32|2250758401797|YAKO AFRICA| Cher client(e) , la pré-declaration de sinistre n° SIN-WZN62 a été acceptée. Merci de vous rendre en Agence YAKO AFRICA, muni des originaux des documents t| result = "{\"messages\":[{\"messageId\":\"4636526397927951454477\",\"status\":{\"description\":\"Message sent to next instance\",\"groupId\":1,\"groupName\":\"PENDING\",\"id\":26,\"name\":\"PENDING_ACCEPTED\"},\"to\":\"2250758401797\"}]}": 
2025-11-20 15:31:56|2250758817235|YAKO AFRICA| Cher client(e) , la pré-declaration de sinistre n° SIN-WZN62 a été acceptée. Merci de vous rendre en Agence YAKO AFRICA, muni des originaux des documents t| result = "{\"messages\":[{\"messageId\":\"4636527235987951465496\",\"status\":{\"description\":\"Message sent to next instance\",\"groupId\":1,\"groupName\":\"PENDING\",\"id\":26,\"name\":\"PENDING_ACCEPTED\"},\"to\":\"2250758817235\"}]}": 
2025-11-20 15:33:09|2250758817235|YAKO AFRICA| Cher client(e) , la pré-declaration de sinistre n° SIN-WZN62 a été acceptée. Merci de vous rendre en Agence YAKO AFRICA, muni des originaux des documents.| result = "{\"messages\":[{\"messageId\":\"4636527960897950423242\",\"status\":{\"description\":\"Message sent to next instance\",\"groupId\":1,\"groupName\":\"PENDING\",\"id\":26,\"name\":\"PENDING_ACCEPTED\"},\"to\":\"2250758817235\"}]}": 
2025-11-27 09:39:01|2250758817235|YAKO AFRICA| Votre RDV est prévu le 20/11/2025 à ABIDJAN. Un conseiller client vous recevra. Pour plus d'informations, Consultez votre espace client: urlr.me/9ZXGSr . | result = "{\"messages\":[{\"messageId\":\"4642363598537951907648\",\"status\":{\"description\":\"Message sent to next instance\",\"groupId\":1,\"groupName\":\"PENDING\",\"id\":26,\"name\":\"PENDING_ACCEPTED\"},\"to\":\"2250758817235\"}]}": 
2025-11-24 11:02:43|2250707040883|YAKO AFRICA| Cher client(e), votre demande de TRANSFORMATION du 26/11/2025 a bien été autorisée. Plus d’infos sur votre espace client : urlr.me/9ZXGSr| result = "{\"messages\":[{\"messageId\":\"4639821765747951479613\",\"status\":{\"description\":\"Message sent to next instance\",\"groupId\":1,\"groupName\":\"PENDING\",\"id\":26,\"name\":\"PENDING_ACCEPTED\"},\"to\":\"2250707040883\"}]}": 
2025-11-24 12:03:37|2250758817235|YAKO AFRICA| Cher client(e), votre prestation n° PREST-HFP74 a été acceptée.
 Consultez son état sur votre espace personnel : urlr.me/9ZXGSr| result = "{\"messages\":[{\"messageId\":\"4639858306497950485897\",\"status\":{\"description\":\"Message sent to next instance\",\"groupId\":1,\"groupName\":\"PENDING\",\"id\":26,\"name\":\"PENDING_ACCEPTED\"},\"to\":\"2250758817235\"}]}": 
2025-11-24 12:03:40|2250758817235|YAKO AFRICA| Cher client(e), votre prestation n° PREST-HFP74 a été acceptée.
 Consultez son état sur votre espace personnel : urlr.me/9ZXGSr| result = "{\"messages\":[{\"messageId\":\"4639858334247951405156\",\"status\":{\"description\":\"Message sent to next instance\",\"groupId\":1,\"groupName\":\"PENDING\",\"id\":26,\"name\":\"PENDING_ACCEPTED\"},\"to\":\"2250758817235\"}]}": 
2025-11-24 12:03:42|2250758817235|YAKO AFRICA| Cher client(e), votre prestation n° PREST-HFP74 a été acceptée.
 Consultez son état sur votre espace personnel : urlr.me/9ZXGSr| result = "{\"messages\":[{\"messageId\":\"4639858358437919108194\",\"status\":{\"description\":\"Message sent to next instance\",\"groupId\":1,\"groupName\":\"PENDING\",\"id\":26,\"name\":\"PENDING_ACCEPTED\"},\"to\":\"2250758817235\"}]}": 
2025-12-02 16:15:57|2250758407197|YAKO AFRICA| Cher admin , votre compte pour la gestion des COMPTE-YNOVS a bien été créer .
Login : bogavanessa@gmail.com
mot de passe : fcea920f7412b5da7be0cf42b8c93759| result = "{\"messages\":[{\"messageId\":\"4646921845297952349558\",\"status\":{\"description\":\"Message sent to next instance\",\"groupId\":1,\"groupName\":\"PENDING\",\"id\":26,\"name\":\"PENDING_ACCEPTED\"},\"to\":\"2250758407197\"}]}": 
2025-12-04 11:09:20|2250758817235|YAKO AFRICA| Cher client(e), votre demande de ABSENT n° 33265 du 12/11/2025 a été autorisée. Finaliser votre démarche dans votre espace client : urlr.me/9ZXGSr| result = "{\"messages\":[{\"messageId\":\"4648465902867950456168\",\"status\":{\"description\":\"Message sent to next instance\",\"groupId\":1,\"groupName\":\"PENDING\",\"id\":26,\"name\":\"PENDING_ACCEPTED\"},\"to\":\"2250758817235\"}]}": 
2025-12-04 11:14:55|2250758817235|YAKO AFRICA| Cher client(e), votre demande de RENONCE n° 33265 du 12/11/2025 a été autorisée. Finaliser votre démarche dans votre espace client : urlr.me/9ZXGSr| result = "{\"messages\":[{\"messageId\":\"4648469256177950925620\",\"status\":{\"description\":\"Message sent to next instance\",\"groupId\":1,\"groupName\":\"PENDING\",\"id\":26,\"name\":\"PENDING_ACCEPTED\"},\"to\":\"2250758817235\"}]}": 
2025-12-04 11:27:00|2250758817235|YAKO AFRICA| Cher client(e), votre demande de TRANSFORMATION du 12/11/2025 a bien été autorisée. Plus d’infos sur votre espace client : urlr.me/9ZXGSr| result = "{\"messages\":[{\"messageId\":\"4648476505947952317986\",\"status\":{\"description\":\"Message sent to next instance\",\"groupId\":1,\"groupName\":\"PENDING\",\"id\":26,\"name\":\"PENDING_ACCEPTED\"},\"to\":\"2250758817235\"}]}": 
2025-12-04 11:28:35|2250758817235|YAKO AFRICA| Cher client(e), votre demande de ABSENT n° 33265 du 12/11/2025 a été autorisée. Finaliser votre démarche dans votre espace client : urlr.me/9ZXGSr| result = "{\"messages\":[{\"messageId\":\"4648477452497951035030\",\"status\":{\"description\":\"Message sent to next instance\",\"groupId\":1,\"groupName\":\"PENDING\",\"id\":26,\"name\":\"PENDING_ACCEPTED\"},\"to\":\"2250758817235\"}]}": 
2025-12-04 11:31:51|2250758817235|YAKO AFRICA| Cher client(e), votre demande de AUTRES n° 33265 du 12/11/2025 a été autorisée. Finaliser votre démarche dans votre espace client : urlr.me/9ZXGSr| result = "{\"messages\":[{\"messageId\":\"4648479414627951060736\",\"status\":{\"description\":\"Message sent to next instance\",\"groupId\":1,\"groupName\":\"PENDING\",\"id\":26,\"name\":\"PENDING_ACCEPTED\"},\"to\":\"2250758817235\"}]}": 
